  algoritimoICcpp.cpp
C:\Users\User\source\repos\AlocacaoChaves_Restauracao_2020\algoritimoICcpp\algoritimoICcpp.cpp(47,12): warning C4244: 'inicializando': conversão de 'double' para 'float', possível perda de dados
C:\Users\User\source\repos\AlocacaoChaves_Restauracao_2020\algoritimoICcpp\algoritimoICcpp.cpp(53,36): warning C4305: 'inicializando': truncamento de 'double' para 'float'
C:\Users\User\source\repos\AlocacaoChaves_Restauracao_2020\algoritimoICcpp\algoritimoICcpp.cpp(57,35): warning C4244: 'argumento': conversão de 'double' para 'const std::complex<float>::_Ty', possível perda de dados
C:\Users\User\source\repos\AlocacaoChaves_Restauracao_2020\algoritimoICcpp\algoritimoICcpp.cpp(725,18): warning C4244: '=': conversão de 'float' para 'int', possível perda de dados
C:\Users\User\source\repos\AlocacaoChaves_Restauracao_2020\algoritimoICcpp\algoritimoICcpp.cpp(1045,28): warning C4244: '=': conversão de 'double' para 'float', possível perda de dados
C:\Users\User\source\repos\AlocacaoChaves_Restauracao_2020\algoritimoICcpp\algoritimoICcpp.cpp(1046,56): warning C4244: '=': conversão de 'double' para 'float', possível perda de dados
C:\Users\User\source\repos\AlocacaoChaves_Restauracao_2020\algoritimoICcpp\algoritimoICcpp.cpp(1047,40): warning C4244: '=': conversão de 'double' para 'float', possível perda de dados
C:\Users\User\source\repos\AlocacaoChaves_Restauracao_2020\algoritimoICcpp\algoritimoICcpp.cpp(1226,25): warning C4018: '<': incompatibilidade de signed/unsigned
C:\Users\User\source\repos\AlocacaoChaves_Restauracao_2020\algoritimoICcpp\algoritimoICcpp.cpp(1245,21): warning C4018: '<': incompatibilidade de signed/unsigned
C:\Users\User\source\repos\AlocacaoChaves_Restauracao_2020\algoritimoICcpp\algoritimoICcpp.cpp(1247,22): warning C4018: '<': incompatibilidade de signed/unsigned
C:\Users\User\source\repos\AlocacaoChaves_Restauracao_2020\algoritimoICcpp\algoritimoICcpp.cpp(1259,21): warning C4018: '<': incompatibilidade de signed/unsigned
C:\Users\User\source\repos\AlocacaoChaves_Restauracao_2020\algoritimoICcpp\algoritimoICcpp.cpp(1276,22): warning C4018: '<': incompatibilidade de signed/unsigned
C:\Users\User\source\repos\AlocacaoChaves_Restauracao_2020\algoritimoICcpp\algoritimoICcpp.cpp(1278,23): warning C4018: '<': incompatibilidade de signed/unsigned
C:\Users\User\source\repos\AlocacaoChaves_Restauracao_2020\algoritimoICcpp\algoritimoICcpp.cpp(1280,24): warning C4018: '<': incompatibilidade de signed/unsigned
C:\Users\User\source\repos\AlocacaoChaves_Restauracao_2020\algoritimoICcpp\algoritimoICcpp.cpp(1303,21): warning C4018: '<': incompatibilidade de signed/unsigned
C:\Users\User\source\repos\AlocacaoChaves_Restauracao_2020\algoritimoICcpp\algoritimoICcpp.cpp(1305,22): warning C4018: '<': incompatibilidade de signed/unsigned
C:\Users\User\source\repos\AlocacaoChaves_Restauracao_2020\algoritimoICcpp\algoritimoICcpp.cpp(1334,22): warning C4018: '<': incompatibilidade de signed/unsigned
C:\Users\User\source\repos\AlocacaoChaves_Restauracao_2020\algoritimoICcpp\algoritimoICcpp.cpp(1338,23): warning C4018: '<': incompatibilidade de signed/unsigned
C:\Users\User\source\repos\AlocacaoChaves_Restauracao_2020\algoritimoICcpp\algoritimoICcpp.cpp(1564,26): warning C4018: '<': incompatibilidade de signed/unsigned
C:\Users\User\source\repos\AlocacaoChaves_Restauracao_2020\algoritimoICcpp\algoritimoICcpp.cpp(1583,22): warning C4018: '<': incompatibilidade de signed/unsigned
C:\Users\User\source\repos\AlocacaoChaves_Restauracao_2020\algoritimoICcpp\algoritimoICcpp.cpp(1585,23): warning C4018: '<': incompatibilidade de signed/unsigned
C:\Users\User\source\repos\AlocacaoChaves_Restauracao_2020\algoritimoICcpp\algoritimoICcpp.cpp(1597,22): warning C4018: '<': incompatibilidade de signed/unsigned
C:\Users\User\source\repos\AlocacaoChaves_Restauracao_2020\algoritimoICcpp\algoritimoICcpp.cpp(1614,23): warning C4018: '<': incompatibilidade de signed/unsigned
C:\Users\User\source\repos\AlocacaoChaves_Restauracao_2020\algoritimoICcpp\algoritimoICcpp.cpp(1616,24): warning C4018: '<': incompatibilidade de signed/unsigned
C:\Users\User\source\repos\AlocacaoChaves_Restauracao_2020\algoritimoICcpp\algoritimoICcpp.cpp(1618,25): warning C4018: '<': incompatibilidade de signed/unsigned
C:\Users\User\source\repos\AlocacaoChaves_Restauracao_2020\algoritimoICcpp\algoritimoICcpp.cpp(1641,22): warning C4018: '<': incompatibilidade de signed/unsigned
C:\Users\User\source\repos\AlocacaoChaves_Restauracao_2020\algoritimoICcpp\algoritimoICcpp.cpp(1643,23): warning C4018: '<': incompatibilidade de signed/unsigned
C:\Users\User\source\repos\AlocacaoChaves_Restauracao_2020\algoritimoICcpp\algoritimoICcpp.cpp(1673,23): warning C4018: '<': incompatibilidade de signed/unsigned
C:\Users\User\source\repos\AlocacaoChaves_Restauracao_2020\algoritimoICcpp\algoritimoICcpp.cpp(1677,24): warning C4018: '<': incompatibilidade de signed/unsigned
C:\Users\User\source\repos\AlocacaoChaves_Restauracao_2020\algoritimoICcpp\algoritimoICcpp.cpp(1918,20): warning C4018: '<': incompatibilidade de signed/unsigned
C:\Users\User\source\repos\AlocacaoChaves_Restauracao_2020\algoritimoICcpp\algoritimoICcpp.cpp(1928,24): warning C4018: '<': incompatibilidade de signed/unsigned
C:\Users\User\source\repos\AlocacaoChaves_Restauracao_2020\algoritimoICcpp\algoritimoICcpp.cpp(1949,24): warning C4018: '<': incompatibilidade de signed/unsigned
C:\Users\User\source\repos\AlocacaoChaves_Restauracao_2020\algoritimoICcpp\algoritimoICcpp.cpp(1971,24): warning C4018: '<': incompatibilidade de signed/unsigned
C:\Users\User\source\repos\AlocacaoChaves_Restauracao_2020\algoritimoICcpp\algoritimoICcpp.cpp(1992,24): warning C4018: '<': incompatibilidade de signed/unsigned
C:\Users\User\source\repos\AlocacaoChaves_Restauracao_2020\algoritimoICcpp\algoritimoICcpp.cpp(2031,21): warning C4018: '<': incompatibilidade de signed/unsigned
C:\Users\User\source\repos\AlocacaoChaves_Restauracao_2020\algoritimoICcpp\algoritimoICcpp.cpp(2122,20): warning C4018: '<': incompatibilidade de signed/unsigned
C:\Users\User\source\repos\AlocacaoChaves_Restauracao_2020\algoritimoICcpp\algoritimoICcpp.cpp(2134,24): warning C4018: '<': incompatibilidade de signed/unsigned
C:\Users\User\source\repos\AlocacaoChaves_Restauracao_2020\algoritimoICcpp\algoritimoICcpp.cpp(2155,24): warning C4018: '<': incompatibilidade de signed/unsigned
C:\Users\User\source\repos\AlocacaoChaves_Restauracao_2020\algoritimoICcpp\algoritimoICcpp.cpp(2177,24): warning C4018: '<': incompatibilidade de signed/unsigned
C:\Users\User\source\repos\AlocacaoChaves_Restauracao_2020\algoritimoICcpp\algoritimoICcpp.cpp(2198,24): warning C4018: '<': incompatibilidade de signed/unsigned
C:\Users\User\source\repos\AlocacaoChaves_Restauracao_2020\algoritimoICcpp\algoritimoICcpp.cpp(2217,21): warning C4018: '<': incompatibilidade de signed/unsigned
C:\Users\User\source\repos\AlocacaoChaves_Restauracao_2020\algoritimoICcpp\algoritimoICcpp.cpp(2233,21): warning C4018: '<': incompatibilidade de signed/unsigned
C:\Users\User\source\repos\AlocacaoChaves_Restauracao_2020\algoritimoICcpp\algoritimoICcpp.cpp(2243,25): warning C4018: '<': incompatibilidade de signed/unsigned
C:\Users\User\source\repos\AlocacaoChaves_Restauracao_2020\algoritimoICcpp\algoritimoICcpp.cpp(2254,26): warning C4018: '<': incompatibilidade de signed/unsigned
C:\Users\User\source\repos\AlocacaoChaves_Restauracao_2020\algoritimoICcpp\algoritimoICcpp.cpp(2276,25): warning C4018: '<': incompatibilidade de signed/unsigned
C:\Users\User\source\repos\AlocacaoChaves_Restauracao_2020\algoritimoICcpp\algoritimoICcpp.cpp(2287,26): warning C4018: '<': incompatibilidade de signed/unsigned
C:\Users\User\source\repos\AlocacaoChaves_Restauracao_2020\algoritimoICcpp\algoritimoICcpp.cpp(2310,25): warning C4018: '<': incompatibilidade de signed/unsigned
C:\Users\User\source\repos\AlocacaoChaves_Restauracao_2020\algoritimoICcpp\algoritimoICcpp.cpp(2321,26): warning C4018: '<': incompatibilidade de signed/unsigned
C:\Users\User\source\repos\AlocacaoChaves_Restauracao_2020\algoritimoICcpp\algoritimoICcpp.cpp(2343,25): warning C4018: '<': incompatibilidade de signed/unsigned
C:\Users\User\source\repos\AlocacaoChaves_Restauracao_2020\algoritimoICcpp\algoritimoICcpp.cpp(2354,26): warning C4018: '<': incompatibilidade de signed/unsigned
C:\Users\User\source\repos\AlocacaoChaves_Restauracao_2020\algoritimoICcpp\algoritimoICcpp.cpp(2396,21): warning C4018: '<': incompatibilidade de signed/unsigned
C:\Users\User\source\repos\AlocacaoChaves_Restauracao_2020\algoritimoICcpp\algoritimoICcpp.cpp(2548,20): warning C4018: '<': incompatibilidade de signed/unsigned
C:\Users\User\source\repos\AlocacaoChaves_Restauracao_2020\algoritimoICcpp\algoritimoICcpp.cpp(2606,20): warning C4018: '<': incompatibilidade de signed/unsigned
C:\Users\User\source\repos\AlocacaoChaves_Restauracao_2020\algoritimoICcpp\algoritimoICcpp.cpp(2723,20): warning C4018: '<': incompatibilidade de signed/unsigned
C:\Users\User\source\repos\AlocacaoChaves_Restauracao_2020\algoritimoICcpp\algoritimoICcpp.cpp(2761,20): warning C4018: '<': incompatibilidade de signed/unsigned
  algoritimoICcpp.vcxproj -> C:\Users\User\source\repos\AlocacaoChaves_Restauracao_2020\algoritimoICcpp\Debug\algoritimoICcpp.exe
