  algoritimoICcpp.cpp
C:\Users\User\source\repos\AlocacaoChaves_Restauracao_2020\algoritimoICcpp\algoritimoICcpp.cpp(43,12): warning C4244: 'inicializando': conversão de 'double' para 'float', possível perda de dados
C:\Users\User\source\repos\AlocacaoChaves_Restauracao_2020\algoritimoICcpp\algoritimoICcpp.cpp(49,26): warning C4244: 'inicializando': conversão de 'double' para 'float', possível perda de dados
C:\Users\User\source\repos\AlocacaoChaves_Restauracao_2020\algoritimoICcpp\algoritimoICcpp.cpp(52,35): warning C4244: 'argumento': conversão de 'double' para 'const std::complex<float>::_Ty', possível perda de dados
C:\Users\User\source\repos\AlocacaoChaves_Restauracao_2020\algoritimoICcpp\algoritimoICcpp.cpp(172,19): warning C4244: 'inicializando': conversão de 'double' para 'int', possível perda de dados
C:\Users\User\source\repos\AlocacaoChaves_Restauracao_2020\algoritimoICcpp\algoritimoICcpp.cpp(614,18): warning C4244: '=': conversão de 'float' para 'int', possível perda de dados
C:\Users\User\source\repos\AlocacaoChaves_Restauracao_2020\algoritimoICcpp\algoritimoICcpp.cpp(915,41): warning C4244: '=': conversão de 'double' para 'float', possível perda de dados
C:\Users\User\source\repos\AlocacaoChaves_Restauracao_2020\algoritimoICcpp\algoritimoICcpp.cpp(921,87): warning C4244: '=': conversão de 'double' para 'float', possível perda de dados
C:\Users\User\source\repos\AlocacaoChaves_Restauracao_2020\algoritimoICcpp\algoritimoICcpp.cpp(1075,26): warning C4018: '<': incompatibilidade de signed/unsigned
C:\Users\User\source\repos\AlocacaoChaves_Restauracao_2020\algoritimoICcpp\algoritimoICcpp.cpp(1094,22): warning C4018: '<': incompatibilidade de signed/unsigned
C:\Users\User\source\repos\AlocacaoChaves_Restauracao_2020\algoritimoICcpp\algoritimoICcpp.cpp(1096,23): warning C4018: '<': incompatibilidade de signed/unsigned
C:\Users\User\source\repos\AlocacaoChaves_Restauracao_2020\algoritimoICcpp\algoritimoICcpp.cpp(1108,22): warning C4018: '<': incompatibilidade de signed/unsigned
C:\Users\User\source\repos\AlocacaoChaves_Restauracao_2020\algoritimoICcpp\algoritimoICcpp.cpp(1125,23): warning C4018: '<': incompatibilidade de signed/unsigned
C:\Users\User\source\repos\AlocacaoChaves_Restauracao_2020\algoritimoICcpp\algoritimoICcpp.cpp(1127,24): warning C4018: '<': incompatibilidade de signed/unsigned
C:\Users\User\source\repos\AlocacaoChaves_Restauracao_2020\algoritimoICcpp\algoritimoICcpp.cpp(1129,25): warning C4018: '<': incompatibilidade de signed/unsigned
C:\Users\User\source\repos\AlocacaoChaves_Restauracao_2020\algoritimoICcpp\algoritimoICcpp.cpp(1152,22): warning C4018: '<': incompatibilidade de signed/unsigned
C:\Users\User\source\repos\AlocacaoChaves_Restauracao_2020\algoritimoICcpp\algoritimoICcpp.cpp(1154,23): warning C4018: '<': incompatibilidade de signed/unsigned
C:\Users\User\source\repos\AlocacaoChaves_Restauracao_2020\algoritimoICcpp\algoritimoICcpp.cpp(1384,20): warning C4018: '<': incompatibilidade de signed/unsigned
C:\Users\User\source\repos\AlocacaoChaves_Restauracao_2020\algoritimoICcpp\algoritimoICcpp.cpp(1411,20): warning C4018: '<': incompatibilidade de signed/unsigned
C:\Users\User\source\repos\AlocacaoChaves_Restauracao_2020\algoritimoICcpp\algoritimoICcpp.cpp(1421,24): warning C4018: '<': incompatibilidade de signed/unsigned
C:\Users\User\source\repos\AlocacaoChaves_Restauracao_2020\algoritimoICcpp\algoritimoICcpp.cpp(1442,24): warning C4018: '<': incompatibilidade de signed/unsigned
C:\Users\User\source\repos\AlocacaoChaves_Restauracao_2020\algoritimoICcpp\algoritimoICcpp.cpp(1464,24): warning C4018: '<': incompatibilidade de signed/unsigned
C:\Users\User\source\repos\AlocacaoChaves_Restauracao_2020\algoritimoICcpp\algoritimoICcpp.cpp(1485,24): warning C4018: '<': incompatibilidade de signed/unsigned
C:\Users\User\source\repos\AlocacaoChaves_Restauracao_2020\algoritimoICcpp\algoritimoICcpp.cpp(1523,21): warning C4018: '<': incompatibilidade de signed/unsigned
C:\Users\User\source\repos\AlocacaoChaves_Restauracao_2020\algoritimoICcpp\algoritimoICcpp.cpp(1585,20): warning C4018: '<': incompatibilidade de signed/unsigned
C:\Users\User\source\repos\AlocacaoChaves_Restauracao_2020\algoritimoICcpp\algoritimoICcpp.cpp(1612,20): warning C4018: '<': incompatibilidade de signed/unsigned
C:\Users\User\source\repos\AlocacaoChaves_Restauracao_2020\algoritimoICcpp\algoritimoICcpp.cpp(1624,24): warning C4018: '<': incompatibilidade de signed/unsigned
C:\Users\User\source\repos\AlocacaoChaves_Restauracao_2020\algoritimoICcpp\algoritimoICcpp.cpp(1645,24): warning C4018: '<': incompatibilidade de signed/unsigned
C:\Users\User\source\repos\AlocacaoChaves_Restauracao_2020\algoritimoICcpp\algoritimoICcpp.cpp(1667,24): warning C4018: '<': incompatibilidade de signed/unsigned
C:\Users\User\source\repos\AlocacaoChaves_Restauracao_2020\algoritimoICcpp\algoritimoICcpp.cpp(1688,24): warning C4018: '<': incompatibilidade de signed/unsigned
C:\Users\User\source\repos\AlocacaoChaves_Restauracao_2020\algoritimoICcpp\algoritimoICcpp.cpp(1707,21): warning C4018: '<': incompatibilidade de signed/unsigned
C:\Users\User\source\repos\AlocacaoChaves_Restauracao_2020\algoritimoICcpp\algoritimoICcpp.cpp(1723,21): warning C4018: '<': incompatibilidade de signed/unsigned
C:\Users\User\source\repos\AlocacaoChaves_Restauracao_2020\algoritimoICcpp\algoritimoICcpp.cpp(1733,25): warning C4018: '<': incompatibilidade de signed/unsigned
C:\Users\User\source\repos\AlocacaoChaves_Restauracao_2020\algoritimoICcpp\algoritimoICcpp.cpp(1744,26): warning C4018: '<': incompatibilidade de signed/unsigned
C:\Users\User\source\repos\AlocacaoChaves_Restauracao_2020\algoritimoICcpp\algoritimoICcpp.cpp(1766,25): warning C4018: '<': incompatibilidade de signed/unsigned
C:\Users\User\source\repos\AlocacaoChaves_Restauracao_2020\algoritimoICcpp\algoritimoICcpp.cpp(1777,26): warning C4018: '<': incompatibilidade de signed/unsigned
C:\Users\User\source\repos\AlocacaoChaves_Restauracao_2020\algoritimoICcpp\algoritimoICcpp.cpp(1800,25): warning C4018: '<': incompatibilidade de signed/unsigned
C:\Users\User\source\repos\AlocacaoChaves_Restauracao_2020\algoritimoICcpp\algoritimoICcpp.cpp(1811,26): warning C4018: '<': incompatibilidade de signed/unsigned
C:\Users\User\source\repos\AlocacaoChaves_Restauracao_2020\algoritimoICcpp\algoritimoICcpp.cpp(1833,25): warning C4018: '<': incompatibilidade de signed/unsigned
C:\Users\User\source\repos\AlocacaoChaves_Restauracao_2020\algoritimoICcpp\algoritimoICcpp.cpp(1844,26): warning C4018: '<': incompatibilidade de signed/unsigned
C:\Users\User\source\repos\AlocacaoChaves_Restauracao_2020\algoritimoICcpp\algoritimoICcpp.cpp(1884,21): warning C4018: '<': incompatibilidade de signed/unsigned
C:\Users\User\source\repos\AlocacaoChaves_Restauracao_2020\algoritimoICcpp\algoritimoICcpp.cpp(2024,23): warning C4018: '<': incompatibilidade de signed/unsigned
C:\Users\User\source\repos\AlocacaoChaves_Restauracao_2020\algoritimoICcpp\algoritimoICcpp.cpp(2085,20): warning C4018: '<': incompatibilidade de signed/unsigned
C:\Users\User\source\repos\AlocacaoChaves_Restauracao_2020\algoritimoICcpp\algoritimoICcpp.cpp(2116,20): warning C4018: '<': incompatibilidade de signed/unsigned
C:\Users\User\source\repos\AlocacaoChaves_Restauracao_2020\algoritimoICcpp\algoritimoICcpp.cpp(2142,24): warning C4018: '<': incompatibilidade de signed/unsigned
C:\Users\User\source\repos\AlocacaoChaves_Restauracao_2020\algoritimoICcpp\algoritimoICcpp.cpp(2441,20): warning C4018: '<': incompatibilidade de signed/unsigned
C:\Users\User\source\repos\AlocacaoChaves_Restauracao_2020\algoritimoICcpp\algoritimoICcpp.cpp(2479,20): warning C4018: '<': incompatibilidade de signed/unsigned
C:\Users\User\source\repos\AlocacaoChaves_Restauracao_2020\algoritimoICcpp\algoritimoICcpp.cpp(2489,20): warning C4018: '<': incompatibilidade de signed/unsigned
C:\Users\User\source\repos\AlocacaoChaves_Restauracao_2020\algoritimoICcpp\algoritimoICcpp.cpp(2498,29): warning C4244: '=': conversão de 'unsigned int' para 'float', possível perda de dados
